============================= test session starts =============================
platform win32 -- Python 3.13.6, pytest-9.0.2, pluggy-1.6.0 -- C:\Program Files\Python313\python.exe
cachedir: .pytest_cache
rootdir: E:\Software\multimodal-upi-fraud-detection\fraudguard-backend
plugins: anyio-4.12.1, asyncio-1.3.0
asyncio: mode=Mode.STRICT, debug=False, asyncio_default_fixture_loop_scope=None, asyncio_default_test_loop_scope=function
collecting ... collected 2 items

tests/test_transactions_score.py::test_score_high_fraud PASSED           [ 50%]
tests/test_transactions_score.py::test_score_low_fraud PASSED            [100%]

============================== warnings summary ===============================
tests/test_transactions_score.py::test_score_high_fraud
tests/test_transactions_score.py::test_score_low_fraud
  E:\Software\multimodal-upi-fraud-detection\fraudguard-backend\app\api\transactions.py:90: DeprecationWarning: datetime.datetime.utcnow() is deprecated and scheduled for removal in a future version. Use timezone-aware objects to represent datetimes in UTC: datetime.datetime.now(datetime.UTC).
    timestamp=datetime.utcnow(),

-- Docs: https://docs.pytest.org/en/stable/how-to/capture-warnings.html
======================== 2 passed, 2 warnings in 1.16s ========================
